"H:/Independent Studies/Project/VRSim/Content/VirtualRealityBP/Blueprints/GripEnum.uasset" 0
"../../../Engine/Content/Animation/DefaultAnimBoneCompressionSettings.uasset" 1
"../../../Engine/Content/Animation/DefaultAnimCurveCompressionSettings.uasset" 2
"H:/Independent Studies/Project/VRSim/Content/VirtualReality/Mannequin/Character/Mesh/LeftHand/LeftHand_Skeleton.uasset" 3
"H:/Independent Studies/Project/VRSim/Content/VirtualReality/Mannequin/Animations/LeftHand/LeftHand_CanGrab.uasset" 4
"H:/Independent Studies/Project/VRSim/Content/VirtualReality/Mannequin/Animations/LeftHand/LeftHand_Grab.uasset" 5
"H:/Independent Studies/Project/VRSim/Content/VirtualReality/Mannequin/Animations/LeftHand/LeftHand_Open.uasset" 6
"H:/Independent Studies/Project/VRSim/Content/VirtualReality/Mannequin/Animations/LeftHand/BS_LeftHand_Grab.uasset" 7
"H:/Independent Studies/Project/VRSim/Content/VirtualReality/Mannequin/Character/Textures/UE4_Mannequin__normals.uasset" 8
"H:/Independent Studies/Project/VRSim/Content/VirtualReality/Mannequin/Character/Textures/UE4_Mannequin_MAT_MASKA.uasset" 9
"H:/Independent Studies/Project/VRSim/Content/VirtualReality/Mannequin/Character/Materials/M_HandMat.uasset" 10
"H:/Independent Studies/Project/VRSim/Content/VirtualReality/Mannequin/Character/Mesh/LeftHand/LeftHand_PhysicsAsset.uasset" 11
"H:/Independent Studies/Project/VRSim/Content/VirtualReality/Mannequin/Character/Mesh/LeftHand/LeftHand.uasset" 12
"H:/Independent Studies/Project/VRSim/Content/VirtualReality/Meshes/SM_FatCylinder.uasset" 13
"H:/Independent Studies/Project/VRSim/Content/VirtualReality/Mannequin/Character/Mesh/RightHand/RightHand_Skeleton.uasset" 14
"H:/Independent Studies/Project/VRSim/Content/VirtualReality/Mannequin/Character/Mesh/RightHand_Skeleton.uasset" 15
"H:/Independent Studies/Project/VRSim/Content/VirtualReality/Mannequin/Animations/RightHand/RightHand_Grab.uasset" 16
"H:/Independent Studies/Project/VRSim/Content/VirtualReality/Mannequin/Animations/RightHand/RightHand_Open.uasset" 17
"H:/Independent Studies/Project/VRSim/Content/VirtualReality/Mannequin/Animations/RightHand/RightHand_CanGrab.uasset" 18
"H:/Independent Studies/Project/VRSim/Content/VirtualReality/Mannequin/Animations/RightHand/BS_RightHand_Grab.uasset" 19
"H:/Independent Studies/Project/VRSim/Content/VirtualReality/Mannequin/Animations/RightHand/AnimBP_RightHand_Grab.uasset" 20
"H:/Independent Studies/Project/VRSim/Content/VirtualReality/Mannequin/Character/Mesh/RightHand/RightHand_PhysicsAsset.uasset" 21
"H:/Independent Studies/Project/VRSim/Content/VirtualReality/Mannequin/Character/Mesh/RightHand/RightHand.uasset" 22
"../../../Engine/Content/Functions/Engine_MaterialFunctions02/Utility/CameraDirectionVector.uasset" 23
"../../../Engine/Content/Functions/Engine_MaterialFunctions02/Utility/DepthFromWorldPosition.uasset" 24
"H:/Independent Studies/Project/VRSim/Content/VirtualReality/Materials/MF_OccludedPixels.uasset" 25
"H:/Independent Studies/Project/VRSim/Content/VirtualReality/Materials/TeleportMCP.uasset" 26
"../../../Engine/Content/EngineMaterials/Good64x64TilingNoiseHighFreq.uasset" 27
"H:/Independent Studies/Project/VRSim/Content/VirtualReality/Materials/M_TeleportPreviews.uasset" 28
"H:/Independent Studies/Project/VRSim/Content/VirtualReality/Materials/MI_TeleportCylinderPreview.uasset" 29
"../../../Engine/Content/Functions/Engine_MaterialFunctions02/Utility/BreakOutFloat2Components.uasset" 30
"../../../Engine/Content/Functions/Engine_MaterialFunctions01/Texturing/ScaleUVsByCenter.uasset" 31
"../../../Engine/Content/Functions/Engine_MaterialFunctions02/ScreenResolution.uasset" 32
"../../../Engine/Content/Functions/Engine_MaterialFunctions02/Texturing/ScreenAlignedUVs.uasset" 33
"H:/Independent Studies/Project/VRSim/Content/VirtualReality/Materials/M_ArcEndpoint.uasset" 34
"../../../Engine/Content/EngineMaterials/T_Default_Material_Grid_N.uasset" 35
"../../../Engine/Content/EngineMaterials/T_Default_Material_Grid_M.uasset" 36
"../../../Engine/Content/Functions/Engine_MaterialFunctions01/Opacity/CameraDepthFade.uasset" 37
"../../../Engine/Content/EngineMaterials/DefaultMaterial.uasset" 38
"../../../Engine/Content/BasicShapes/Cylinder.uasset" 39
"H:/Independent Studies/Project/VRSim/Content/VirtualReality/Materials/MI_ChaperoneOutline.uasset" 40
"H:/Independent Studies/Project/VRSim/Content/VirtualReality/Materials/M_SplineArcMat.uasset" 41
"../../../Engine/Content/EngineMaterials/WorldGridMaterial.uasset" 42
"H:/Independent Studies/Project/VRSim/Content/VirtualReality/Meshes/BeamMesh.uasset" 43
"H:/Independent Studies/Project/VRSim/Content/VirtualReality/Meshes/1x1_cube.uasset" 44
"H:/Independent Studies/Project/VRSim/Content/VirtualReality/Meshes/BeaconDirection.uasset" 45
"../../../Engine/Content/VREditor/Devices/Vive/ViveControllerDiffuse.uasset" 46
"../../../Engine/Content/VREditor/Devices/Vive/ViveControllerMaterial.uasset" 47
"../../../Engine/Content/VREditor/Devices/Vive/ViveControllerMesh.uasset" 48
"../../../Engine/Content/BasicShapes/Sphere.uasset" 49
"../../../Engine/Content/EditorBlueprintResources/StandardMacros.uasset" 50
"H:/Independent Studies/Project/VRSim/Content/VirtualRealityBP/Blueprints/PickupActorInterface.uasset" 51
"H:/Independent Studies/Project/VRSim/Content/VirtualRealityBP/Blueprints/MotionControllerHaptics.uasset" 52
"H:/Independent Studies/Project/VRSim/Content/VirtualRealityBP/Blueprints/BP_MotionController.uasset" 53
"H:/Independent Studies/Project/VRSim/Content/VirtualReality/Mannequin/Animations/LeftHand/AnimBP_LeftHand_Grab.uasset" 54
"H:/Independent Studies/Project/VRSim/Content/VirtualReality/Mannequin/Animations/RightHand_AnimBP.uasset" 55
"H:/Independent Studies/Project/VRSim/Content/VirtualReality/Mannequin/Animations/RightGrip_BS.uasset" 56
"H:/Independent Studies/Project/VRSim/Content/VirtualReality/Mannequin/Animations/MannequinHand_Right_CanGrab.uasset" 57
"H:/Independent Studies/Project/VRSim/Content/VirtualReality/Mannequin/Animations/MannequinHand_Right_Grab.uasset" 58
"H:/Independent Studies/Project/VRSim/Content/VirtualReality/Mannequin/Animations/MannequinHand_Right_Open.uasset" 59
"H:/Independent Studies/Project/VRSim/Content/VirtualReality/Mannequin/Character/Mesh/RightHand.uasset" 60
"H:/Independent Studies/Project/VRSim/Content/VirtualReality/Mannequin/Character/Mesh/RightHand_PhysicsAsset.uasset" 61
"H:/Independent Studies/Project/VRSim/Content/VirtualReality/Mannequin/Character/Mesh/MannequinHand_Right_Skeleton.uasset" 62
"H:/Independent Studies/Project/VRSim/Content/VirtualReality/Mannequin/Character/Mesh/MannequinHand_Right.uasset" 63
"H:/Independent Studies/Project/VRSim/Content/VirtualReality/Mannequin/Character/Mesh/MannequinHand_Right_PhysicsAsset.uasset" 64
"H:/Independent Studies/Project/VRSim/Content/VirtualReality/Materials/GenericHMDMaterial.uasset" 65
"H:/Independent Studies/Project/VRSim/Content/VirtualReality/Meshes/GenericHMD.uasset" 66
"H:/Independent Studies/Project/VRSim/Content/VirtualRealityBP/Blueprints/HMDLocomotionPawn.uasset" 67
"H:/Independent Studies/Project/VRSim/Content/VirtualReality/Materials/M_BaseMaterial.uasset" 68
"H:/Independent Studies/Project/VRSim/Content/VirtualReality/Materials/MI_SmallCubes.uasset" 69
"H:/Independent Studies/Project/VRSim/Content/Geometry/Meshes/CubeMaterial.uasset" 70
"H:/Independent Studies/Project/VRSim/Content/Geometry/Meshes/1M_Cube.uasset" 71
"H:/Independent Studies/Project/VRSim/Content/VirtualRealityBP/Blueprints/BP_Slot.uasset" 72
"H:/Independent Studies/Project/VRSim/Content/VirtualRealityBP/Blueprints/Objects/BP_PickupItemPhysics.uasset" 73
"H:/Independent Studies/Project/VRSim/Content/VirtualRealityBP/Blueprints/Objects/BP_PI_Cube.uasset" 74
"H:/Independent Studies/Project/VRSim/Content/VirtualRealityBP/Blueprints/BP_PI_Cube.uasset" 75
"H:/Independent Studies/Project/VRSim/Content/VirtualRealityBP/Blueprints/Objects/EToolType.uasset" 76
"H:/Independent Studies/Project/VRSim/Content/VirtualRealityBP/Blueprints/EToolType.uasset" 77
"H:/Independent Studies/Project/VRSim/Content/VirtualRealityBP/Maps/VRSimDemoMap_BuiltData.uasset" 78
"H:/Independent Studies/Project/VRSim/Content/VirtualRealityBP/Maps/MotionControllerMap_BuiltData.uasset" 79
"H:/Independent Studies/Project/VRSim/Content/VirtualRealityBP/Maps/MotionControllerMap.uasset" 80
"H:/Independent Studies/Project/VRSim/Content/Geometry/Meshes/1M_Cube_Chamfer.uasset" 81
"H:/Independent Studies/Project/VRSim/Content/Geometry/Meshes/TemplateFloor.uasset" 82
"H:/Independent Studies/Project/VRSim/Content/StarterContent/Materials/M_Basic_Wall.uasset" 83
"H:/Independent Studies/Project/VRSim/Content/StarterContent/Architecture/Pillar_50x500.uasset" 84
"H:/Independent Studies/Project/VRSim/Content/StarterContent/Architecture/Wall_400x300.uasset" 85
"H:/Independent Studies/Project/VRSim/Content/StarterContent/Architecture/Wall_400x400.uasset" 86
"H:/Independent Studies/Project/VRSim/Content/StarterContent/Architecture/Wall_500x500.uasset" 87
"H:/Independent Studies/Project/VRSim/Content/StarterContent/Architecture/Wall_Door_400x400.uasset" 88
"H:/Independent Studies/Project/VRSim/Content/StarterContent/Architecture/Wall_Window_400x400.uasset" 89
"H:/Independent Studies/Project/VRSim/Content/StarterContent/Audio/Collapse01.uasset" 90
"H:/Independent Studies/Project/VRSim/Content/StarterContent/Audio/Collapse02.uasset" 91
"H:/Independent Studies/Project/VRSim/Content/StarterContent/Audio/Explosion01.uasset" 92
"H:/Independent Studies/Project/VRSim/Content/StarterContent/Audio/Explosion02.uasset" 93
"H:/Independent Studies/Project/VRSim/Content/StarterContent/Audio/Fire01.uasset" 94
"H:/Independent Studies/Project/VRSim/Content/StarterContent/Audio/Fire_Sparks01.uasset" 95
"H:/Independent Studies/Project/VRSim/Content/StarterContent/Audio/Light01.uasset" 96
"H:/Independent Studies/Project/VRSim/Content/StarterContent/Audio/Light01_Cue.uasset" 97
"H:/Independent Studies/Project/VRSim/Content/StarterContent/Audio/Light02.uasset" 98
"H:/Independent Studies/Project/VRSim/Content/StarterContent/Audio/Light02_Cue.uasset" 99
"H:/Independent Studies/Project/VRSim/Content/StarterContent/Audio/Smoke01.uasset" 100
"H:/Independent Studies/Project/VRSim/Content/StarterContent/Audio/Starter_Birds01.uasset" 101
"H:/Independent Studies/Project/VRSim/Content/StarterContent/Audio/Starter_Music01.uasset" 102
"H:/Independent Studies/Project/VRSim/Content/StarterContent/Audio/Starter_Wind05.uasset" 103
"H:/Independent Studies/Project/VRSim/Content/StarterContent/Audio/Starter_Wind06.uasset" 104
"H:/Independent Studies/Project/VRSim/Content/StarterContent/Audio/Steam01.uasset" 105
"H:/Independent Studies/Project/VRSim/Content/StarterContent/Textures/T_Smoke_Tiled_D.uasset" 106
"H:/Independent Studies/Project/VRSim/Content/StarterContent/Textures/T_Smoke_SubUV.uasset" 107
"H:/Independent Studies/Project/VRSim/Content/StarterContent/Particles/Materials/M_smoke_subUV.uasset" 108
"../../../Engine/Content/Functions/Engine_MaterialFunctions01/Gradient/RadialGradient.uasset" 109
"H:/Independent Studies/Project/VRSim/Content/StarterContent/Particles/Materials/M_radial_ramp.uasset" 110
"H:/Independent Studies/Project/VRSim/Content/StarterContent/Particles/Materials/m_flare_01.uasset" 111
"H:/Independent Studies/Project/VRSim/Content/StarterContent/Textures/T_Explosion_SubUV.uasset" 112
"H:/Independent Studies/Project/VRSim/Content/StarterContent/Particles/Materials/M_explosion_subUV.uasset" 113
"H:/Independent Studies/Project/VRSim/Content/StarterContent/Textures/T_Burst_M.uasset" 114
"H:/Independent Studies/Project/VRSim/Content/StarterContent/Particles/Materials/M_Burst.uasset" 115
"H:/Independent Studies/Project/VRSim/Content/StarterContent/Particles/P_Explosion.uasset" 116
"H:/Independent Studies/Project/VRSim/Content/StarterContent/Audio/Explosion_Cue.uasset" 117
"H:/Independent Studies/Project/VRSim/Content/StarterContent/Blueprints/Blueprint_Effect_Explosion.uasset" 118
"../../../Engine/Content/EditorMeshes/ColorCalibrator/T_ColorGrid.uasset" 119
"H:/Independent Studies/Project/VRSim/Content/StarterContent/Materials/M_ColorGrid_LowSpec.uasset" 120
"H:/Independent Studies/Project/VRSim/Content/StarterContent/Textures/T_Bush_N.uasset" 121
"H:/Independent Studies/Project/VRSim/Content/StarterContent/Textures/T_Bush_D.uasset" 122
"H:/Independent Studies/Project/VRSim/Content/StarterContent/Props/Materials/M_Bush.uasset" 123
"H:/Independent Studies/Project/VRSim/Content/StarterContent/Props/SM_Bush.uasset" 124
"H:/Independent Studies/Project/VRSim/Content/StarterContent/Textures/T_Chair_N.uasset" 125
"H:/Independent Studies/Project/VRSim/Content/StarterContent/Textures/T_Chair_M.uasset" 126
"H:/Independent Studies/Project/VRSim/Content/StarterContent/Props/Materials/M_Chair.uasset" 127
"H:/Independent Studies/Project/VRSim/Content/StarterContent/Props/SM_Couch.uasset" 128
"H:/Independent Studies/Project/VRSim/Content/StarterContent/Textures/T_Door_N.uasset" 129
"H:/Independent Studies/Project/VRSim/Content/StarterContent/Textures/T_Door_M.uasset" 130
"H:/Independent Studies/Project/VRSim/Content/StarterContent/Props/Materials/M_Door.uasset" 131
"H:/Independent Studies/Project/VRSim/Content/StarterContent/Materials/M_Glass.uasset" 132
"H:/Independent Studies/Project/VRSim/Content/StarterContent/Props/SM_Door.uasset" 133
"H:/Independent Studies/Project/VRSim/Content/StarterContent/Props/Materials/M_MaterialSphere_Plain.uasset" 134
"H:/Independent Studies/Project/VRSim/Content/StarterContent/Props/Materials/M_MaterialSphere.uasset" 135
"H:/Independent Studies/Project/VRSim/Content/StarterContent/Props/SM_MatPreviewMesh_02.uasset" 136
"H:/Independent Studies/Project/VRSim/Content/StarterContent/Textures/T_RockMesh_N.uasset" 137
"H:/Independent Studies/Project/VRSim/Content/StarterContent/Textures/T_RockMesh_M.uasset" 138
"H:/Independent Studies/Project/VRSim/Content/StarterContent/Textures/T_Rock_Basalt_D.uasset" 139
"../../../Engine/Content/Functions/Engine_MaterialFunctions02/Utility/BlendAngleCorrectedNormals.uasset" 140
"H:/Independent Studies/Project/VRSim/Content/StarterContent/Textures/T_Detail_Rocky_N.uasset" 141
"H:/Independent Studies/Project/VRSim/Content/StarterContent/Props/Materials/M_Rock.uasset" 142
"H:/Independent Studies/Project/VRSim/Content/StarterContent/Props/SM_Rock.uasset" 143
"H:/Independent Studies/Project/VRSim/Content/StarterContent/Textures/T_Shelf_N.uasset" 144
"H:/Independent Studies/Project/VRSim/Content/StarterContent/Textures/T_Shelf_M.uasset" 145
"H:/Independent Studies/Project/VRSim/Content/StarterContent/Props/Materials/M_Shelf.uasset" 146
"H:/Independent Studies/Project/VRSim/Content/StarterContent/Props/SM_Shelf.uasset" 147
"H:/Independent Studies/Project/VRSim/Content/StarterContent/Materials/M_Basic_Floor.uasset" 148
"H:/Independent Studies/Project/VRSim/Content/StarterContent/Props/SM_Stairs.uasset" 149
"H:/Independent Studies/Project/VRSim/Content/StarterContent/Shapes/Shape_Cone.uasset" 150
"H:/Independent Studies/Project/VRSim/Content/StarterContent/Shapes/Shape_Cylinder.uasset" 151
"H:/Independent Studies/Project/VRSim/Content/StarterContent/Shapes/Shape_NarrowCapsule.uasset" 152
"H:/Independent Studies/Project/VRSim/Content/StarterContent/Shapes/Shape_Pipe.uasset" 153
"H:/Independent Studies/Project/VRSim/Content/StarterContent/Shapes/Shape_Pipe_180.uasset" 154
"H:/Independent Studies/Project/VRSim/Content/StarterContent/Shapes/Shape_Pipe_90.uasset" 155
"H:/Independent Studies/Project/VRSim/Content/StarterContent/Shapes/Shape_Plane.uasset" 156
"H:/Independent Studies/Project/VRSim/Content/StarterContent/Shapes/Shape_Torus.uasset" 157
"H:/Independent Studies/Project/VRSim/Content/StarterContent/Shapes/Shape_Trim.uasset" 158
"H:/Independent Studies/Project/VRSim/Content/StarterContent/Shapes/Shape_Trim_90_In.uasset" 159
"H:/Independent Studies/Project/VRSim/Content/StarterContent/Shapes/Shape_Trim_90_Out.uasset" 160
"H:/Independent Studies/Project/VRSim/Content/StarterContent/Shapes/Shape_TriPyramid.uasset" 161
"H:/Independent Studies/Project/VRSim/Content/StarterContent/Shapes/Shape_Tube.uasset" 162
"H:/Independent Studies/Project/VRSim/Content/StarterContent/Shapes/Shape_Wedge_A.uasset" 163
"H:/Independent Studies/Project/VRSim/Content/StarterContent/Shapes/Shape_Wedge_B.uasset" 164
"H:/Independent Studies/Project/VRSim/Content/StarterContent/Shapes/Shape_WideCapsule.uasset" 165
"H:/Independent Studies/Project/VRSim/Content/Tools/Screwdriver/Textures/phillips_hardEdges_lp_1001_Roughness.uasset" 166
"H:/Independent Studies/Project/VRSim/Content/Tools/Screwdriver/Textures/phillips_hardEdges_lp_1001_Normal.uasset" 167
"H:/Independent Studies/Project/VRSim/Content/Tools/Screwdriver/Textures/phillips_hardEdges_lp_1001_Metallic.uasset" 168
"H:/Independent Studies/Project/VRSim/Content/Tools/Screwdriver/Textures/phillips_hardEdges_lp_1001_Diffuse.uasset" 169
"H:/Independent Studies/Project/VRSim/Content/Tools/Screwdriver/Textures/cavity.uasset" 170
"H:/Independent Studies/Project/VRSim/Content/Tools/Screwdriver/Textures/1001_ambient_occlusion.uasset" 171
"H:/Independent Studies/Project/VRSim/Content/Tools/Screwdriver/M_Screwdriver.uasset" 172
"H:/Independent Studies/Project/VRSim/Content/Tools/Screwdriver/SM_Screwdriver.uasset" 173
"../../../Engine/Content/ArtTools/RenderToTexture/Meshes/S_1_Unit_Plane.uasset" 174
"../../../Engine/Content/BasicShapes/Cone.uasset" 175
"../../../Engine/Content/BasicShapes/Cube.uasset" 176
"../../../Engine/Content/BasicShapes/Plane.uasset" 177
"../../../Engine/Content/EditorLandscapeResources/DataLayer.uasset" 178
"../../../Engine/Content/EditorLandscapeResources/DefaultAlphaTexture.uasset" 179
"../../../Engine/Content/EditorMaterials/MAT_Groups_Toggle.uasset" 180
"../../../Engine/Content/EditorMaterials/MAT_Groups_Visibility.uasset" 181
"../../../Engine/Content/EditorMaterials/PreviewShadowIndicator.uasset" 182
"../../../Engine/Content/EditorMaterials/PreviewShadowIndicatorMaterial.uasset" 183
"../../../Engine/Content/EditorMaterials/MatineeGroups/MAT_ColorTrack.uasset" 184
"../../../Engine/Content/EditorMaterials/MatineeGroups/MAT_Groups_Anim.uasset" 185
"../../../Engine/Content/EditorMaterials/MatineeGroups/MAT_Groups_AudioMaster.uasset" 186
"../../../Engine/Content/EditorMaterials/MatineeGroups/MAT_Groups_Director.uasset" 187
"../../../Engine/Content/EditorMaterials/MatineeGroups/MAT_Groups_Event.uasset" 188
"../../../Engine/Content/EditorMaterials/MatineeGroups/MAT_Groups_Fade.uasset" 189
"../../../Engine/Content/EditorMaterials/MatineeGroups/MAT_Groups_Float.uasset" 190
"../../../Engine/Content/EditorMaterials/MatineeGroups/MAT_Groups_Move.uasset" 191
"../../../Engine/Content/EditorMaterials/MatineeGroups/MAT_Groups_Slomo.uasset" 192
"../../../Engine/Content/EditorMaterials/MatineeGroups/MAT_Groups_Sound.uasset" 193
"../../../Engine/Content/EditorMaterials/MatineeGroups/MAT_Groups_Vector.uasset" 194
"../../../Engine/Content/EditorMaterials/ParticleSystems/PSysThumbnail_NoImage.uasset" 195
"../../../Engine/Content/EditorMaterials/ParticleSystems/PSysThumbnail_OOD.uasset" 196
"../../../Engine/Content/EditorMaterials/Camera/CineMat.uasset" 197
"../../../Engine/Content/EditorMaterials/Camera/MI_CineMat_Rig.uasset" 198
"../../../Engine/Content/EditorMeshes/Camera/SM_CraneRig_Arm.uasset" 199
"../../../Engine/Content/EditorMeshes/Camera/SM_CraneRig_Base.uasset" 200
"../../../Engine/Content/EditorMeshes/Camera/SM_CraneRig_Body.uasset" 201
"../../../Engine/Content/EditorMeshes/Camera/SM_CraneRig_Mount.uasset" 202
"../../../Engine/Content/EditorMeshes/Camera/SM_RailRig_Mount.uasset" 203
"../../../Engine/Content/EditorMeshes/Camera/SM_RailRig_Track.uasset" 204
"../../../Engine/Content/EditorResources/BSPVertex.uasset" 205
"../../../Engine/Content/EditorResources/EmptyActor.uasset" 206
"../../../Engine/Content/EditorResources/S_Actor.uasset" 207
"../../../Engine/Content/EditorResources/S_KBSJoint.uasset" 208
"../../../Engine/Content/EditorResources/S_Note.uasset" 209
"../../../Engine/Content/EditorResources/S_Solver.uasset" 210
"../../../Engine/Content/EditorResources/S_Terrain.uasset" 211
"../../../Engine/Content/EditorResources/S_Trigger.uasset" 212
"../../../Engine/Content/EditorResources/AudioIcons/S_AudioComponent.uasset" 213
"../../../Engine/Content/EditorResources/AudioIcons/S_AudioComponent_AutoActivate.uasset" 214
"../../../Engine/Content/EditorResources/LightIcons/S_LightError.uasset" 215
"../../../Engine/Content/EditorResources/SequenceRecorder/Countdown.uasset" 216
"../../../Engine/Content/EditorResources/SequenceRecorder/RecordingIndicator.uasset" 217
"../../../Engine/Content/EngineDamageTypes/DmgTypeBP_Environmental.uasset" 218
"../../../Engine/Content/EngineDebugMaterials/DebugEditorMaterial.uasset" 219
"../../../Engine/Content/EngineDebugMaterials/DebugMeshMaterial.uasset" 220
"../../../Engine/Content/EngineDebugMaterials/M_SimpleUnlitTranslucent.uasset" 221
"../../../Engine/Content/EngineDebugMaterials/VolumeToRender.uasset" 222
"../../../Engine/Content/EngineDebugMaterials/M_VolumeRenderSphereTracePP.uasset" 223
"../../../Engine/Content/Functions/Engine_MaterialFunctions01/Shading/ConvertFromDiffSpec.uasset" 224
"../../../Engine/Content/EngineDebugMaterials/VertexColorMaterial.uasset" 225
"../../../Engine/Content/EngineDebugMaterials/WireframeMaterial.uasset" 226
"../../../Engine/Content/EngineFonts/Faces/RobotoRegular.uasset" 227
"../../../Engine/Content/EngineFonts/Faces/RobotoLight.uasset" 228
"../../../Engine/Content/EngineFonts/Faces/RobotoItalic.uasset" 229
"../../../Engine/Content/EngineFonts/Faces/RobotoBoldItalic.uasset" 230
"../../../Engine/Content/EngineFonts/Faces/RobotoBold.uasset" 231
"../../../Engine/Content/EngineFonts/Faces/DroidSansFallback.uasset" 232
"../../../Engine/Content/EngineFonts/Roboto.uasset" 233
"../../../Engine/Content/EngineMaterials/BaseFlattenNormalMap.uasset" 234
"../../../Engine/Content/EngineMaterials/BaseFlattenGrayscaleMap.uasset" 235
"../../../Engine/Content/EngineMaterials/BaseFlattenEmissiveMap.uasset" 236
"../../../Engine/Content/EngineMaterials/BaseFlattenDiffuseMap.uasset" 237
"../../../Engine/Content/EngineMaterials/BaseFlattenMaterial.uasset" 238
"../../../Engine/Content/EngineMaterials/BlueNoise.uasset" 239
"../../../Engine/Content/EngineMaterials/DefaultBloomKernel.uasset" 240
"../../../Engine/Content/EngineMaterials/DefaultBokeh.uasset" 241
"../../../Engine/Content/EngineMaterials/DefaultDiffuse.uasset" 242
"../../../Engine/Content/EngineMaterials/DefaultDeferredDecalMaterial.uasset" 243
"../../../Engine/Content/EngineMaterials/DefaultLightFunctionMaterial.uasset" 244
"../../../Engine/Content/EngineMaterials/DefaultPhysicalMaterial.uasset" 245
"../../../Engine/Content/EngineMaterials/DefaultPostProcessMaterial.uasset" 246
"../../../Engine/Content/EngineFonts/RobotoDistanceField.uasset" 247
"../../../Engine/Content/EngineMaterials/DefaultTextMaterialOpaque.uasset" 248
"../../../Engine/Content/EngineMaterials/DefaultWhiteGrid.uasset" 249
"../../../Engine/Content/EngineMaterials/DefaultWhiteGrid_Low.uasset" 250
"../../../Engine/Content/EngineMaterials/EmissiveMeshMaterial.uasset" 251
"../../../Engine/Content/EngineMaterials/GizmoMaterial.uasset" 252
"../../../Engine/Content/EngineMaterials/MiniFont.uasset" 253
"../../../Engine/Content/EngineMaterials/InvalidLightmapSettings.uasset" 254
"../../../Engine/Content/EngineMaterials/M_InvalidLightmapSettings.uasset" 255
"../../../Engine/Content/Functions/Engine_MaterialFunctions02/WorldPositionOffset/CameraOffset.uasset" 256
"../../../Engine/Content/EngineMaterials/PhAT_JointLimitMaterial.uasset" 257
"../../../Engine/Content/EngineMaterials/PreintegratedSkinBRDF.uasset" 258
"../../../Engine/Content/EngineMaterials/RemoveSurfaceMaterial.uasset" 259
"../../../Engine/Content/EngineMaterials/WeightMapPlaceholderTexture.uasset" 260
"../../../Engine/Content/EngineResources/WhiteSquareTexture.uasset" 261
"../../../Engine/Content/EngineMaterials/Widget3DPassThrough.uasset" 262
"../../../Engine/Content/EngineMaterials/Widget3DPassThrough_Masked.uasset" 263
"../../../Engine/Content/EngineMaterials/Widget3DPassThrough_Opaque.uasset" 264
"../../../Engine/Content/EngineMaterials/Widget3DPassThrough_Masked_OneSided.uasset" 265
"../../../Engine/Content/EngineMaterials/Widget3DPassThrough_Opaque_OneSided.uasset" 266
"../../../Engine/Content/EngineMaterials/Widget3DPassThrough_Translucent.uasset" 267
"../../../Engine/Content/EngineMaterials/Widget3DPassThrough_Translucent_OneSided.uasset" 268
"../../../Engine/Content/EngineMeshes/Cylinder.uasset" 269
"../../../Engine/Content/EngineMeshes/Sphere.uasset" 270
"../../../Engine/Content/EngineResources/Black.uasset" 271
"../../../Engine/Content/EngineResources/DefaultTextureCube.uasset" 272
"../../../Engine/Content/EngineResources/DefaultVolumeTexture2D.uasset" 273
"../../../Engine/Content/EngineResources/DefaultVolumeTexture.uasset" 274
"../../../Engine/Content/EngineResources/GradientTexture0.uasset" 275
"../../../Engine/Content/EngineSky/VolumetricClouds/T_NoiseShape64.uasset" 276
"../../../Engine/Content/EngineSky/VolumetricClouds/T_VolumeNoiseShape64.uasset" 277
"../../../Engine/Content/EngineSky/VolumetricClouds/T_NoiseErosion.uasset" 278
"../../../Engine/Content/EngineSky/VolumetricClouds/T_VolumeNoiseErosion32.uasset" 279
"../../../Engine/Content/EngineSky/VolumetricClouds/CloudWeatherTexture.uasset" 280
"../../../Engine/Content/EngineSky/VolumetricClouds/CloudGradientTexture.uasset" 281
"../../../Engine/Content/Functions/Engine_MaterialFunctions02/Utility/MakeFloat2.uasset" 282
"../../../Engine/Content/EngineSky/VolumetricClouds/m_SimpleVolumetricCloud.uasset" 283
"../../../Engine/Content/EngineSky/VolumetricClouds/m_SimpleVolumetricCloud_Inst.uasset" 284
"../../../Engine/Content/EngineSounds/Master.uasset" 285
"../../../Engine/Content/Functions/Engine_MaterialFunctions01/Shading/PowerToRoughness.uasset" 286
"../../../Engine/Content/Maps/Templates/Thumbnails/Default.uasset" 287
"../../../Engine/Content/Maps/Templates/Thumbnails/TimeOfDay.uasset" 288
"../../../Engine/Content/Maps/Templates/Thumbnails/VR-Basic.uasset" 289
"../../../Engine/Content/MobileResources/T_MobileControls_texture.uasset" 290
"../../../Engine/Content/MobileResources/T_MobileMenu2.uasset" 291
"../../../Engine/Content/MobileResources/HUD/AnalogHat.uasset" 292
"../../../Engine/Content/MobileResources/HUD/VirtualJoystick_Thumb.uasset" 293
"../../../Engine/Content/MobileResources/HUD/VirtualJoystick_Background.uasset" 294
"../../../Engine/Content/MobileResources/HUD/DefaultVirtualJoysticks.uasset" 295
"../../../Engine/Content/MobileResources/HUD/LeftVirtualJoystickOnly.uasset" 296
"../../../Engine/Content/MobileResources/HUD/MobileHUDButton1_off.uasset" 297
"../../../Engine/Content/MobileResources/HUD/MobileHUDButton1_on.uasset" 298
"../../../Engine/Content/MobileResources/HUD/MobileHUDButton2_off.uasset" 299
"../../../Engine/Content/MobileResources/HUD/MobileHUDButton2_on.uasset" 300
"../../../Engine/Content/MobileResources/HUD/MobileHUDButton3.uasset" 301
"../../../Engine/Content/MobileResources/HUD/MobileHUDButtonFire.uasset" 302
"../../../Engine/Content/MobileResources/HUD/MobileHUDDirectionPad.uasset" 303
"../../../Engine/Content/MobileResources/HUD/MobileHUDDirectionPad2.uasset" 304
"../../../Engine/Content/MobileResources/HUD/MobileHUDDirectionPad3.uasset" 305
"../../../Engine/Content/MobileResources/HUD/MobileHUDDirectionStick.uasset" 306
"../../../Engine/Content/MobileResources/HUD/T_Castle_ThumbstickInner.uasset" 307
"../../../Engine/Content/MobileResources/HUD/T_Castle_ThumbstickOutter.uasset" 308
"../../../Engine/Content/Tutorial/ContentIntroCurve.uasset" 309
"../../../Engine/Content/Tutorial/Basics/LevelEditorAttract.uasset" 310
"../../../Engine/Content/VREditor/TransformGizmo/TranslucentTransformGizmoMaterial.uasset" 311
"../../../Engine/Content/VREditor/LaserPointer/VR_LaserPower_01.uasset" 312
"../../../Engine/Content/VREditor/TransformGizmo/TransformGizmoMaterial.uasset" 313
"../../../Engine/Content/VREditor/TransformGizmo/BoundingBoxCorner.uasset" 314
"../../../Engine/Content/VREditor/TransformGizmo/BoundingBoxEdge.uasset" 315
"../../../Engine/Content/VREditor/TransformGizmo/PlaneTranslationHandle.uasset" 316
"../../../Engine/Content/VREditor/TransformGizmo/Xray.uasset" 317
"../../../Engine/Content/VREditor/TransformGizmo/Main.uasset" 318
"../../../Engine/Content/VREditor/TransformGizmo/SM_Sequencer_Key.uasset" 319
"../../../Engine/Content/VREditor/TransformGizmo/SM_Sequencer_Node.uasset" 320
"../../Plugins/2D/Paper2D/Content/PlaceholderTextures/DummySpriteTexture.uasset" 321
"../../Plugins/2D/Paper2D/Content/DummySprite.uasset" 322
"../../Plugins/2D/Paper2D/Content/DefaultPaperTerrainMaterial.uasset" 323
"../../Plugins/2D/Paper2D/Content/DefaultSpriteMaterial.uasset" 324
"../../Plugins/2D/Paper2D/Content/MaskedUnlitSpriteMaterial.uasset" 325
"../../Plugins/2D/Paper2D/Content/OpaqueUnlitSpriteMaterial.uasset" 326
"../../../Engine/Content/Functions/Engine_MaterialFunctions02/Utility/BreakOutFloat3Components.uasset" 327
"../../Plugins/Editor/SpeedTreeImporter/Content/SpeedTree9/UnpackInteger3.uasset" 328
"../../Plugins/Editor/SpeedTreeImporter/Content/SpeedTree9/UnpackDirection.uasset" 329
"../../Plugins/Editor/SpeedTreeImporter/Content/SpeedTree9/game_wind_noise.uasset" 330
"../../../Engine/Content/Functions/Engine_MaterialFunctions02/SafeNormalize.uasset" 331
"../../Plugins/Editor/SpeedTreeImporter/Content/SpeedTree9/SpeedTreeWindMotion.uasset" 332
"../../Plugins/Editor/SpeedTreeImporter/Content/SpeedTree9/SpeedTreeBranchMotion.uasset" 333
"../../../Engine/Content/Functions/Engine_MaterialFunctions02/ObjectLocalBounds.uasset" 334
"../../../Engine/Content/Functions/Engine_MaterialFunctions02/UVs/BoundingBoxBased_0-1_UVW.uasset" 335
"../../Plugins/Editor/SpeedTreeImporter/Content/SpeedTree9/SpeedTreeWind.uasset" 336
"../../Plugins/Editor/SpeedTreeImporter/Content/SpeedTree9/SpeedTreeBillboard.uasset" 337
"../../../Engine/Content/EngineResources/DefaultTexture.uasset" 338
"../../Plugins/Editor/SpeedTreeImporter/Content/SpeedTree9/SpeedTreeBillboardMaster.uasset" 339
"../../Plugins/Editor/SpeedTreeImporter/Content/SpeedTree9/SpeedTreeCameraFacing.uasset" 340
"../../Plugins/Editor/SpeedTreeImporter/Content/SpeedTree9/SpeedTreeMaster.uasset" 341
"../../../Engine/Content/ArtTools/RenderToTexture/Materials/Debug/M_Emissive_Color.uasset" 342
"../../Plugins/Lumin/MagicLeapPassableWorld/Content/MagicLeapARPinInfoActor.uasset" 343
"../../../Engine/Content/Functions/Engine_MaterialFunctions02/Utility/BreakOutFloat4Components.uasset" 344
"../../../Engine/Content/Functions/Engine_MaterialFunctions02/Utility/MakeFloat3.uasset" 345
"../../Plugins/Runtime/Oculus/OculusVR/Content/Materials/OculusMR_ChromaKey.uasset" 346
"../../Plugins/Runtime/Oculus/OculusVR/Content/Materials/OculusMR_OpaqueColoredMaterial.uasset" 347
"../../Plugins/Runtime/Oculus/OculusVR/Content/Materials/PokeAHoleMaterial.uasset" 348
"H:/Independent Studies/Project/VRSim/Content/VirtualReality/Materials/MI_BaseMaterial2.uasset" 349
"H:/Independent Studies/Project/VRSim/Content/VirtualReality/Materials/MI_BaseMaterial3.uasset" 350
"../../../Engine/Content/EngineSky/T_Sky_Stars.uasset" 351
"../../../Engine/Content/EngineSky/T_Sky_Clouds_M.uasset" 352
"../../../Engine/Content/EngineSky/T_Sky_Blue.uasset" 353
"../../../Engine/Content/EngineSky/M_Sky_Panning_Clouds2.uasset" 354
"../../../Engine/Content/EngineSky/SM_SkySphere.uasset" 355
"../../../Engine/Content/EngineSky/C_Sky_Zenith_Color.uasset" 356
"../../../Engine/Content/EngineSky/C_Sky_Horizon_Color.uasset" 357
"../../../Engine/Content/EngineSky/C_Sky_Cloud_Color.uasset" 358
"../../../Engine/Content/EngineSky/BP_Sky_Sphere.uasset" 359
"H:/Independent Studies/Project/VRSim/Content/VirtualRealityBP/Blueprints/MotionControllerPawn.uasset" 360
"H:/Independent Studies/Project/VRSim/Content/VirtualRealityBP/Maps/VRSimDemoMap.umap" 361
"../../../Engine/Content/EditorMeshes/ColorCalibrator/M_GreyBall.uasset" 362
"../../../Engine/Content/EditorMeshes/ColorCalibrator/Color_checker.uasset" 363
"../../../Engine/Content/EditorMeshes/ColorCalibrator/M_ColorGrid.uasset" 364
"../../../Engine/Content/EditorMeshes/ColorCalibrator/M_ClearCoatBlack.uasset" 365
"../../../Engine/Content/EditorMeshes/ColorCalibrator/M_ClearCoat.uasset" 366
"../../../Engine/Content/EditorMeshes/ColorCalibrator/M_ChromeBall.uasset" 367
"../../../Engine/Content/EditorMeshes/ColorCalibrator/SM_ColorCalibrator.uasset" 368
"H:/Independent Studies/Project/VRSim/Content/StarterContent/Maps/Advanced_Lighting_BuiltData.uasset" 369
"H:/Independent Studies/Project/VRSim/Content/StarterContent/HDRI/HDRI_Epic_Courtyard_Daylight.uasset" 370
"../../../Engine/Content/MapTemplates/Sky/DaylightAmbientCubemap.uasset" 371
"H:/Independent Studies/Project/VRSim/Content/StarterContent/Blueprints/Assets/M_LightStage_Skybox_Master.uasset" 372
"H:/Independent Studies/Project/VRSim/Content/StarterContent/Blueprints/Assets/M_LightStage_Skybox_HDRI.uasset" 373
"H:/Independent Studies/Project/VRSim/Content/StarterContent/Blueprints/Assets/M_LightStage_Arrows.uasset" 374
"H:/Independent Studies/Project/VRSim/Content/StarterContent/Blueprints/Assets/SM_Arrows.uasset" 375
"../../../Engine/Content/EditorMaterials/Thumbnails/SkySphereMaterial.uasset" 376
"H:/Independent Studies/Project/VRSim/Content/StarterContent/Blueprints/Assets/Skybox.uasset" 377
"H:/Independent Studies/Project/VRSim/Content/StarterContent/Blueprints/Assets/M_LightStage_Skybox_Black.uasset" 378
"H:/Independent Studies/Project/VRSim/Content/StarterContent/Blueprints/Assets/SunlightColorLUT.uasset" 379
"H:/Independent Studies/Project/VRSim/Content/StarterContent/Blueprints/Assets/FogBrightnessLUT.uasset" 380
"H:/Independent Studies/Project/VRSim/Content/StarterContent/Blueprints/BP_LightStudio.uasset" 381
"H:/Independent Studies/Project/VRSim/Content/StarterContent/Materials/M_AssetPlatform.uasset" 382
"H:/Independent Studies/Project/VRSim/Content/StarterContent/Architecture/SM_AssetPlatform.uasset" 383
"H:/Independent Studies/Project/VRSim/Content/StarterContent/Maps/Advanced_Lighting.umap" 384
"H:/Independent Studies/Project/VRSim/Content/StarterContent/Textures/T_TableRound_N.uasset" 385
"H:/Independent Studies/Project/VRSim/Content/StarterContent/Textures/T_TableRound_M.uasset" 386
"H:/Independent Studies/Project/VRSim/Content/StarterContent/Props/Materials/M_TableRound.uasset" 387
"H:/Independent Studies/Project/VRSim/Content/StarterContent/Props/SM_TableRound.uasset" 388
"H:/Independent Studies/Project/VRSim/Content/StarterContent/Textures/T_Statue_N.uasset" 389
"H:/Independent Studies/Project/VRSim/Content/StarterContent/Textures/T_Statue_M.uasset" 390
"H:/Independent Studies/Project/VRSim/Content/StarterContent/Props/Materials/M_Statue.uasset" 391
"H:/Independent Studies/Project/VRSim/Content/StarterContent/Props/Materials/M_StatueGlass.uasset" 392
"H:/Independent Studies/Project/VRSim/Content/StarterContent/Props/SM_Statue.uasset" 393
"H:/Independent Studies/Project/VRSim/Content/StarterContent/Props/SM_Chair.uasset" 394
"H:/Independent Studies/Project/VRSim/Content/StarterContent/Textures/T_Metal_Copper_D.uasset" 395
"H:/Independent Studies/Project/VRSim/Content/StarterContent/Textures/T_Metal_Gold_N.uasset" 396
"H:/Independent Studies/Project/VRSim/Content/StarterContent/Textures/T_MacroVariation.uasset" 397
"H:/Independent Studies/Project/VRSim/Content/StarterContent/Materials/M_Metal_Copper.uasset" 398
"H:/Independent Studies/Project/VRSim/Content/StarterContent/Textures/T_Metal_Aluminum_D.uasset" 399
"H:/Independent Studies/Project/VRSim/Content/StarterContent/Materials/M_Metal_Burnished_Steel.uasset" 400
"H:/Independent Studies/Project/VRSim/Content/StarterContent/Materials/M_Metal_Brushed_Nickel.uasset" 401
"H:/Independent Studies/Project/VRSim/Content/StarterContent/Maps/Minimal_Default_BuiltData.uasset" 402
"H:/Independent Studies/Project/VRSim/Content/StarterContent/Audio/Starter_Background_Cue.uasset" 403
"H:/Independent Studies/Project/VRSim/Content/StarterContent/Architecture/Floor_400x400.uasset" 404
"H:/Independent Studies/Project/VRSim/Content/StarterContent/Maps/Minimal_Default.umap" 405
"H:/Independent Studies/Project/VRSim/Content/StarterContent/Textures/T_Frame_N.uasset" 406
"H:/Independent Studies/Project/VRSim/Content/StarterContent/Textures/T_Frame_M.uasset" 407
"H:/Independent Studies/Project/VRSim/Content/StarterContent/Props/Materials/M_Frame.uasset" 408
"H:/Independent Studies/Project/VRSim/Content/StarterContent/Props/SM_WindowFrame.uasset" 409
"H:/Independent Studies/Project/VRSim/Content/StarterContent/Props/SM_PillarFrame300.uasset" 410
"H:/Independent Studies/Project/VRSim/Content/StarterContent/Props/SM_PillarFrame.uasset" 411
"H:/Independent Studies/Project/VRSim/Content/StarterContent/Props/SM_GlassWindow.uasset" 412
"H:/Independent Studies/Project/VRSim/Content/StarterContent/Props/SM_DoorFrame.uasset" 413
"H:/Independent Studies/Project/VRSim/Content/StarterContent/Props/SM_CornerFrame.uasset" 414
"H:/Independent Studies/Project/VRSim/Content/StarterContent/Props/MaterialSphere.uasset" 415
"H:/Independent Studies/Project/VRSim/Content/StarterContent/Textures/T_Dust_Particle_D.uasset" 416
"H:/Independent Studies/Project/VRSim/Content/StarterContent/Particles/Materials/M_Dust_Particle.uasset" 417
"H:/Independent Studies/Project/VRSim/Content/StarterContent/Particles/P_Ambient_Dust.uasset" 418
"H:/Independent Studies/Project/VRSim/Content/StarterContent/Textures/T_Wood_Walnut_N.uasset" 419
"H:/Independent Studies/Project/VRSim/Content/StarterContent/Textures/T_Wood_Walnut_D.uasset" 420
"H:/Independent Studies/Project/VRSim/Content/StarterContent/Materials/M_Wood_Walnut.uasset" 421
"H:/Independent Studies/Project/VRSim/Content/StarterContent/Textures/T_Wood_Pine_N.uasset" 422
"H:/Independent Studies/Project/VRSim/Content/StarterContent/Textures/T_Wood_Pine_D.uasset" 423
"H:/Independent Studies/Project/VRSim/Content/StarterContent/Textures/T_Perlin_Noise_M.uasset" 424
"H:/Independent Studies/Project/VRSim/Content/StarterContent/Materials/M_Wood_Pine.uasset" 425
"H:/Independent Studies/Project/VRSim/Content/StarterContent/Textures/T_Wood_Oak_N.uasset" 426
"H:/Independent Studies/Project/VRSim/Content/StarterContent/Textures/T_Wood_Oak_D.uasset" 427
"H:/Independent Studies/Project/VRSim/Content/StarterContent/Materials/M_Wood_Oak.uasset" 428
"../../../Engine/Content/Functions/Engine_MaterialFunctions01/Opacity/AlphaOffset.uasset" 429
"H:/Independent Studies/Project/VRSim/Content/StarterContent/Textures/T_Wood_Floor_Walnut_N.uasset" 430
"H:/Independent Studies/Project/VRSim/Content/StarterContent/Textures/T_Wood_Floor_Walnut_M.uasset" 431
"H:/Independent Studies/Project/VRSim/Content/StarterContent/Textures/T_Wood_Floor_Walnut_D.uasset" 432
"H:/Independent Studies/Project/VRSim/Content/StarterContent/Materials/M_Wood_Floor_Walnut_Worn.uasset" 433
"H:/Independent Studies/Project/VRSim/Content/StarterContent/Materials/M_Wood_Floor_Walnut_Polished.uasset" 434
"H:/Independent Studies/Project/VRSim/Content/StarterContent/Textures/T_Water_M.uasset" 435
"H:/Independent Studies/Project/VRSim/Content/StarterContent/Textures/T_Water_N.uasset" 436
"H:/Independent Studies/Project/VRSim/Content/StarterContent/Materials/M_Water_Ocean.uasset" 437
"H:/Independent Studies/Project/VRSim/Content/StarterContent/Materials/M_Water_Lake.uasset" 438
"H:/Independent Studies/Project/VRSim/Content/StarterContent/Textures/T_Tech_Panel_N.uasset" 439
"H:/Independent Studies/Project/VRSim/Content/StarterContent/Textures/T_Tech_Panel_M.uasset" 440
"H:/Independent Studies/Project/VRSim/Content/StarterContent/Textures/T_Metal_Steel_D.uasset" 441
"H:/Independent Studies/Project/VRSim/Content/StarterContent/Materials/M_Tech_Panel.uasset" 442
"H:/Independent Studies/Project/VRSim/Content/StarterContent/Textures/T_Tech_Hex_Tile_N.uasset" 443
"H:/Independent Studies/Project/VRSim/Content/StarterContent/Textures/T_Tech_Hex_Tile_M.uasset" 444
"H:/Independent Studies/Project/VRSim/Content/StarterContent/Materials/M_Tech_Hex_Tile_Pulse.uasset" 445
"H:/Independent Studies/Project/VRSim/Content/StarterContent/Materials/M_Tech_Hex_Tile.uasset" 446
"H:/Independent Studies/Project/VRSim/Content/StarterContent/Textures/T_Tech_Dot_N.uasset" 447
"H:/Independent Studies/Project/VRSim/Content/StarterContent/Textures/T_Tech_Dot_M.uasset" 448
"H:/Independent Studies/Project/VRSim/Content/StarterContent/Textures/T_Single_Tile_N.uasset" 449
"H:/Independent Studies/Project/VRSim/Content/StarterContent/Textures/T_Checker_Noise_M.uasset" 450
"H:/Independent Studies/Project/VRSim/Content/StarterContent/Materials/M_Tech_Checker_Dot.uasset" 451
"H:/Independent Studies/Project/VRSim/Content/StarterContent/Textures/T_Rock_Slate_N.uasset" 452
"H:/Independent Studies/Project/VRSim/Content/StarterContent/Textures/T_Rock_Slate_D.uasset" 453
"H:/Independent Studies/Project/VRSim/Content/StarterContent/Materials/M_Rock_Slate.uasset" 454
"H:/Independent Studies/Project/VRSim/Content/StarterContent/Textures/T_Rock_Sandstone_N.uasset" 455
"H:/Independent Studies/Project/VRSim/Content/StarterContent/Textures/T_Rock_Sandstone_D.uasset" 456
"H:/Independent Studies/Project/VRSim/Content/StarterContent/Materials/M_Rock_Sandstone.uasset" 457
"H:/Independent Studies/Project/VRSim/Content/StarterContent/Textures/T_Rock_Marble_Polished_D.uasset" 458
"H:/Independent Studies/Project/VRSim/Content/StarterContent/Materials/M_Rock_Marble_Polished.uasset" 459
"H:/Independent Studies/Project/VRSim/Content/StarterContent/Textures/T_Rock_Basalt_N.uasset" 460
"H:/Independent Studies/Project/VRSim/Content/StarterContent/Materials/M_Rock_Basalt.uasset" 461
"H:/Independent Studies/Project/VRSim/Content/StarterContent/Textures/T_Metal_Steel_N.uasset" 462
"H:/Independent Studies/Project/VRSim/Content/StarterContent/Materials/M_Metal_Steel.uasset" 463
"H:/Independent Studies/Project/VRSim/Content/StarterContent/Textures/T_Metal_Rust_D.uasset" 464
"H:/Independent Studies/Project/VRSim/Content/StarterContent/Textures/T_Metal_Rust_N.uasset" 465
"H:/Independent Studies/Project/VRSim/Content/StarterContent/Materials/M_Metal_Rust.uasset" 466
"H:/Independent Studies/Project/VRSim/Content/StarterContent/Textures/T_Metal_Gold_D.uasset" 467
"H:/Independent Studies/Project/VRSim/Content/StarterContent/Materials/M_Metal_Gold.uasset" 468
"H:/Independent Studies/Project/VRSim/Content/StarterContent/Materials/M_Metal_Chrome.uasset" 469
"H:/Independent Studies/Project/VRSim/Content/StarterContent/Textures/T_Ground_Moss_N.uasset" 470
"H:/Independent Studies/Project/VRSim/Content/StarterContent/Textures/T_ground_Moss_D.uasset" 471
"H:/Independent Studies/Project/VRSim/Content/StarterContent/Materials/M_Ground_Moss.uasset" 472
"H:/Independent Studies/Project/VRSim/Content/StarterContent/Textures/T_Ground_Gravel_N.uasset" 473
"H:/Independent Studies/Project/VRSim/Content/StarterContent/Textures/T_Ground_Gravel_D.uasset" 474
"H:/Independent Studies/Project/VRSim/Content/StarterContent/Materials/M_Ground_Gravel.uasset" 475
"H:/Independent Studies/Project/VRSim/Content/StarterContent/Textures/T_Ground_Grass_N.uasset" 476
"H:/Independent Studies/Project/VRSim/Content/StarterContent/Textures/T_Ground_Grass_D.uasset" 477
"H:/Independent Studies/Project/VRSim/Content/StarterContent/Materials/M_Ground_Grass.uasset" 478
"H:/Independent Studies/Project/VRSim/Content/StarterContent/Textures/T_Concrete_Tiles_Variation_M.uasset" 479
"H:/Independent Studies/Project/VRSim/Content/StarterContent/Textures/T_Concrete_Tiles_N.uasset" 480
"H:/Independent Studies/Project/VRSim/Content/StarterContent/Textures/T_Concrete_Tiles_M.uasset" 481
"H:/Independent Studies/Project/VRSim/Content/StarterContent/Textures/T_Concrete_Tiles_D.uasset" 482
"H:/Independent Studies/Project/VRSim/Content/StarterContent/Materials/M_Concrete_Tiles.uasset" 483
"H:/Independent Studies/Project/VRSim/Content/StarterContent/Textures/T_Concrete_Panels_N.uasset" 484
"H:/Independent Studies/Project/VRSim/Content/StarterContent/Textures/T_Concrete_Panels_D.uasset" 485
"H:/Independent Studies/Project/VRSim/Content/StarterContent/Materials/M_Concrete_Panels.uasset" 486
"H:/Independent Studies/Project/VRSim/Content/StarterContent/Textures/T_Concrete_Grime_D.uasset" 487
"H:/Independent Studies/Project/VRSim/Content/StarterContent/Materials/M_Concrete_Grime.uasset" 488
"H:/Independent Studies/Project/VRSim/Content/StarterContent/Textures/T_CobbleStone_Smooth_N.uasset" 489
"H:/Independent Studies/Project/VRSim/Content/StarterContent/Textures/T_CobbleStone_Smooth_M.uasset" 490
"H:/Independent Studies/Project/VRSim/Content/StarterContent/Textures/T_CobbleStone_Smooth_D.uasset" 491
"H:/Independent Studies/Project/VRSim/Content/StarterContent/Textures/T_Rock_Smooth_Granite_D.uasset" 492
"H:/Independent Studies/Project/VRSim/Content/StarterContent/Textures/T_Gradinet_01.uasset" 493
"H:/Independent Studies/Project/VRSim/Content/StarterContent/Materials/M_CobbleStone_Smooth.uasset" 494
"H:/Independent Studies/Project/VRSim/Content/StarterContent/Textures/T_CobbleStone_Rough_N.uasset" 495
"H:/Independent Studies/Project/VRSim/Content/StarterContent/Textures/T_CobbleStone_Rough_D.uasset" 496
"H:/Independent Studies/Project/VRSim/Content/StarterContent/Materials/M_CobbleStone_Rough.uasset" 497
"H:/Independent Studies/Project/VRSim/Content/StarterContent/Textures/T_CobbleStone_Pebble_N.uasset" 498
"H:/Independent Studies/Project/VRSim/Content/StarterContent/Textures/T_CobbleStone_Pebble_M.uasset" 499
"H:/Independent Studies/Project/VRSim/Content/StarterContent/Textures/T_CobbleStone_Pebble_D.uasset" 500
"H:/Independent Studies/Project/VRSim/Content/StarterContent/Materials/M_CobbleStone_Pebble.uasset" 501
"H:/Independent Studies/Project/VRSim/Content/StarterContent/Textures/T_Ceramic_Tile_N.uasset" 502
"H:/Independent Studies/Project/VRSim/Content/StarterContent/Textures/T_Ceramic_Tile_M.uasset" 503
"H:/Independent Studies/Project/VRSim/Content/StarterContent/Materials/M_Ceramic_Tile_Checker.uasset" 504
"H:/Independent Studies/Project/VRSim/Content/StarterContent/Textures/T_Brick_Hewn_Stone_N.uasset" 505
"H:/Independent Studies/Project/VRSim/Content/StarterContent/Textures/T_Brick_Hewn_Stone_M.uasset" 506
"H:/Independent Studies/Project/VRSim/Content/StarterContent/Textures/T_Brick_Hewn_Stone_D.uasset" 507
"H:/Independent Studies/Project/VRSim/Content/StarterContent/Materials/M_Brick_Hewn_Stone.uasset" 508
"H:/Independent Studies/Project/VRSim/Content/StarterContent/Textures/T_Brick_Cut_Stone_N.uasset" 509
"H:/Independent Studies/Project/VRSim/Content/StarterContent/Textures/T_Brick_Cut_Stone_D.uasset" 510
"H:/Independent Studies/Project/VRSim/Content/StarterContent/Materials/M_Brick_Cut_Stone.uasset" 511
"H:/Independent Studies/Project/VRSim/Content/StarterContent/Textures/T_Brick_Clay_Old_N.uasset" 512
"H:/Independent Studies/Project/VRSim/Content/StarterContent/Textures/T_Brick_Clay_Old_D.uasset" 513
"H:/Independent Studies/Project/VRSim/Content/StarterContent/Materials/M_Brick_Clay_Old.uasset" 514
"H:/Independent Studies/Project/VRSim/Content/StarterContent/Textures/T_Brick_Clay_New_N.uasset" 515
"H:/Independent Studies/Project/VRSim/Content/StarterContent/Textures/T_Brick_Clay_New_M.uasset" 516
"H:/Independent Studies/Project/VRSim/Content/StarterContent/Textures/T_Brick_Clay_New_D.uasset" 517
"H:/Independent Studies/Project/VRSim/Content/StarterContent/Materials/M_Brick_Clay_New.uasset" 518
"H:/Independent Studies/Project/VRSim/Content/StarterContent/Textures/T_Brick_Clay_Beveled_N.uasset" 519
"H:/Independent Studies/Project/VRSim/Content/StarterContent/Textures/T_Brick_Clay_Beveled_M.uasset" 520
"H:/Independent Studies/Project/VRSim/Content/StarterContent/Textures/T_Brick_Clay_Beveled_D.uasset" 521
"H:/Independent Studies/Project/VRSim/Content/StarterContent/Materials/M_Brick_Clay_Beveled.uasset" 522
"../../../Engine/Content/Functions/Engine_MaterialFunctions03/Procedurals/ComputeFilterWidth.uasset" 523
"../../../Engine/Content/EngineMaterials/AntiAliasedTextMaterialTranslucent.uasset" 524
"H:/Independent Studies/Project/VRSim/Content/StarterContent/Maps/StarterMap_BuiltData.uasset" 525
"H:/Independent Studies/Project/VRSim/Content/StarterContent/Textures/T_Concrete_Poured_N.uasset" 526
"H:/Independent Studies/Project/VRSim/Content/StarterContent/Textures/T_Concrete_Poured_D.uasset" 527
"H:/Independent Studies/Project/VRSim/Content/StarterContent/Materials/M_Concrete_Poured.uasset" 528
"H:/Independent Studies/Project/VRSim/Content/StarterContent/Textures/T_Lamp_N.uasset" 529
"H:/Independent Studies/Project/VRSim/Content/StarterContent/Textures/T_Lamp_M.uasset" 530
"H:/Independent Studies/Project/VRSim/Content/StarterContent/Props/Materials/M_Lamp.uasset" 531
"H:/Independent Studies/Project/VRSim/Content/StarterContent/Props/SM_Lamp_Wall.uasset" 532
"H:/Independent Studies/Project/VRSim/Content/StarterContent/Blueprints/Blueprint_WallSconce.uasset" 533
"H:/Independent Studies/Project/VRSim/Content/StarterContent/Particles/P_Steam_Lit.uasset" 534
"H:/Independent Studies/Project/VRSim/Content/StarterContent/Audio/Steam01_Cue.uasset" 535
"H:/Independent Studies/Project/VRSim/Content/StarterContent/Blueprints/Blueprint_Effect_Steam.uasset" 536
"H:/Independent Studies/Project/VRSim/Content/StarterContent/Textures/T_Spark_Core.uasset" 537
"H:/Independent Studies/Project/VRSim/Content/StarterContent/Particles/Materials/M_Spark.uasset" 538
"H:/Independent Studies/Project/VRSim/Content/StarterContent/Particles/Materials/M_Radial_Gradient.uasset" 539
"H:/Independent Studies/Project/VRSim/Content/StarterContent/Particles/P_Sparks.uasset" 540
"H:/Independent Studies/Project/VRSim/Content/StarterContent/Audio/Fire_Sparks01_Cue.uasset" 541
"H:/Independent Studies/Project/VRSim/Content/StarterContent/Blueprints/Blueprint_Effect_Sparks.uasset" 542
"H:/Independent Studies/Project/VRSim/Content/StarterContent/Shapes/Shape_Sphere.uasset" 543
"H:/Independent Studies/Project/VRSim/Content/StarterContent/Shapes/Shape_QuadPyramid.uasset" 544
"H:/Independent Studies/Project/VRSim/Content/StarterContent/Shapes/Shape_Cube.uasset" 545
"H:/Independent Studies/Project/VRSim/Content/StarterContent/Particles/P_Smoke.uasset" 546
"H:/Independent Studies/Project/VRSim/Content/StarterContent/Audio/Smoke01_Cue.uasset" 547
"H:/Independent Studies/Project/VRSim/Content/StarterContent/Blueprints/Blueprint_Effect_Smoke.uasset" 548
"H:/Independent Studies/Project/VRSim/Content/StarterContent/Particles/Materials/M_Heat_Distortion.uasset" 549
"H:/Independent Studies/Project/VRSim/Content/StarterContent/Textures/T_Fire_Tiled_D.uasset" 550
"H:/Independent Studies/Project/VRSim/Content/StarterContent/Textures/T_Fire_SubUV.uasset" 551
"H:/Independent Studies/Project/VRSim/Content/StarterContent/Particles/Materials/M_Fire_SubUV.uasset" 552
"H:/Independent Studies/Project/VRSim/Content/StarterContent/Particles/P_Fire.uasset" 553
"H:/Independent Studies/Project/VRSim/Content/StarterContent/Audio/Fire01_Cue.uasset" 554
"H:/Independent Studies/Project/VRSim/Content/StarterContent/Blueprints/Blueprint_Effect_Fire.uasset" 555
"H:/Independent Studies/Project/VRSim/Content/StarterContent/Props/SM_Lamp_Ceiling.uasset" 556
"H:/Independent Studies/Project/VRSim/Content/StarterContent/Blueprints/Blueprint_CeilingLight.uasset" 557
"H:/Independent Studies/Project/VRSim/Content/StarterContent/Audio/Starter_Music_Cue.uasset" 558
"H:/Independent Studies/Project/VRSim/Content/StarterContent/Audio/Collapse_Cue.uasset" 559
"H:/Independent Studies/Project/VRSim/Content/StarterContent/Architecture/Wall_Window_400x300.uasset" 560
"H:/Independent Studies/Project/VRSim/Content/StarterContent/Architecture/Wall_Door_400x300.uasset" 561
"H:/Independent Studies/Project/VRSim/Content/StarterContent/Architecture/Wall_400x200.uasset" 562
"H:/Independent Studies/Project/VRSim/Content/StarterContent/Maps/StarterMap.umap" 563
"../../../Engine/Content/Maps/Entry_BuiltData.uasset" 564
"../../../Engine/Content/Maps/Entry.umap" 565
